<?xml version="1.0" encoding="UTF-8"?>
<testsuite xmlns:xsi="http://www.w3.org/2001/XMLSchema-instance" xsi:noNamespaceSchemaLocation="https://maven.apache.org/surefire/maven-surefire-plugin/xsd/surefire-test-report.xsd" name="com.aws.codestar.projecttemplates.controller.HelloWorldControllerTest" time="0.16" tests="2" errors="0" skipped="0" failures="2">
  <properties>
    <property name="java.specification.version" value="19"/>
    <property name="sun.jnu.encoding" value="UTF-8"/>
    <property name="java.class.path" value="/home/kenneth/Projects/JavaSpringBoot/target/test-classes:/home/kenneth/Projects/JavaSpringBoot/target/classes:/home/kenneth/.m2/repository/org/springframework/boot/spring-boot-starter-web/2.0.3.RELEASE/spring-boot-starter-web-2.0.3.RELEASE.jar:/home/kenneth/.m2/repository/org/springframework/boot/spring-boot-starter/2.0.3.RELEASE/spring-boot-starter-2.0.3.RELEASE.jar:/home/kenneth/.m2/repository/org/springframework/boot/spring-boot/2.0.3.RELEASE/spring-boot-2.0.3.RELEASE.jar:/home/kenneth/.m2/repository/org/springframework/boot/spring-boot-autoconfigure/2.0.3.RELEASE/spring-boot-autoconfigure-2.0.3.RELEASE.jar:/home/kenneth/.m2/repository/org/springframework/boot/spring-boot-starter-logging/2.0.3.RELEASE/spring-boot-starter-logging-2.0.3.RELEASE.jar:/home/kenneth/.m2/repository/ch/qos/logback/logback-classic/1.2.3/logback-classic-1.2.3.jar:/home/kenneth/.m2/repository/ch/qos/logback/logback-core/1.2.3/logback-core-1.2.3.jar:/home/kenneth/.m2/repository/org/slf4j/slf4j-api/1.7.25/slf4j-api-1.7.25.jar:/home/kenneth/.m2/repository/org/apache/logging/log4j/log4j-to-slf4j/2.10.0/log4j-to-slf4j-2.10.0.jar:/home/kenneth/.m2/repository/org/apache/logging/log4j/log4j-api/2.10.0/log4j-api-2.10.0.jar:/home/kenneth/.m2/repository/org/slf4j/jul-to-slf4j/1.7.25/jul-to-slf4j-1.7.25.jar:/home/kenneth/.m2/repository/javax/annotation/javax.annotation-api/1.3.2/javax.annotation-api-1.3.2.jar:/home/kenneth/.m2/repository/org/springframework/spring-core/5.0.7.RELEASE/spring-core-5.0.7.RELEASE.jar:/home/kenneth/.m2/repository/org/springframework/spring-jcl/5.0.7.RELEASE/spring-jcl-5.0.7.RELEASE.jar:/home/kenneth/.m2/repository/org/yaml/snakeyaml/1.19/snakeyaml-1.19.jar:/home/kenneth/.m2/repository/org/springframework/boot/spring-boot-starter-json/2.0.3.RELEASE/spring-boot-starter-json-2.0.3.RELEASE.jar:/home/kenneth/.m2/repository/com/fasterxml/jackson/core/jackson-databind/2.9.6/jackson-databind-2.9.6.jar:/home/kenneth/.m2/repository/com/fasterxml/jackson/core/jackson-annotations/2.9.0/jackson-annotations-2.9.0.jar:/home/kenneth/.m2/repository/com/fasterxml/jackson/core/jackson-core/2.9.6/jackson-core-2.9.6.jar:/home/kenneth/.m2/repository/com/fasterxml/jackson/datatype/jackson-datatype-jdk8/2.9.6/jackson-datatype-jdk8-2.9.6.jar:/home/kenneth/.m2/repository/com/fasterxml/jackson/datatype/jackson-datatype-jsr310/2.9.6/jackson-datatype-jsr310-2.9.6.jar:/home/kenneth/.m2/repository/com/fasterxml/jackson/module/jackson-module-parameter-names/2.9.6/jackson-module-parameter-names-2.9.6.jar:/home/kenneth/.m2/repository/org/springframework/boot/spring-boot-starter-tomcat/2.0.3.RELEASE/spring-boot-starter-tomcat-2.0.3.RELEASE.jar:/home/kenneth/.m2/repository/org/apache/tomcat/embed/tomcat-embed-core/8.5.31/tomcat-embed-core-8.5.31.jar:/home/kenneth/.m2/repository/org/apache/tomcat/embed/tomcat-embed-el/8.5.31/tomcat-embed-el-8.5.31.jar:/home/kenneth/.m2/repository/org/apache/tomcat/embed/tomcat-embed-websocket/8.5.31/tomcat-embed-websocket-8.5.31.jar:/home/kenneth/.m2/repository/org/hibernate/validator/hibernate-validator/6.0.10.Final/hibernate-validator-6.0.10.Final.jar:/home/kenneth/.m2/repository/javax/validation/validation-api/2.0.1.Final/validation-api-2.0.1.Final.jar:/home/kenneth/.m2/repository/org/jboss/logging/jboss-logging/3.3.2.Final/jboss-logging-3.3.2.Final.jar:/home/kenneth/.m2/repository/com/fasterxml/classmate/1.3.4/classmate-1.3.4.jar:/home/kenneth/.m2/repository/org/springframework/spring-web/5.0.7.RELEASE/spring-web-5.0.7.RELEASE.jar:/home/kenneth/.m2/repository/org/springframework/spring-beans/5.0.7.RELEASE/spring-beans-5.0.7.RELEASE.jar:/home/kenneth/.m2/repository/org/springframework/spring-webmvc/5.0.7.RELEASE/spring-webmvc-5.0.7.RELEASE.jar:/home/kenneth/.m2/repository/org/springframework/spring-aop/5.0.7.RELEASE/spring-aop-5.0.7.RELEASE.jar:/home/kenneth/.m2/repository/org/springframework/spring-context/5.0.7.RELEASE/spring-context-5.0.7.RELEASE.jar:/home/kenneth/.m2/repository/org/springframework/spring-expression/5.0.7.RELEASE/spring-expression-5.0.7.RELEASE.jar:/home/kenneth/.m2/repository/org/json/json/20180130/json-20180130.jar:/home/kenneth/.m2/repository/org/junit/jupiter/junit-jupiter-api/5.2.0/junit-jupiter-api-5.2.0.jar:/home/kenneth/.m2/repository/org/apiguardian/apiguardian-api/1.0.0/apiguardian-api-1.0.0.jar:/home/kenneth/.m2/repository/org/opentest4j/opentest4j/1.1.0/opentest4j-1.1.0.jar:/home/kenneth/.m2/repository/org/junit/platform/junit-platform-commons/1.2.0/junit-platform-commons-1.2.0.jar:/home/kenneth/.m2/repository/org/junit/jupiter/junit-jupiter-engine/5.2.0/junit-jupiter-engine-5.2.0.jar:/home/kenneth/.m2/repository/org/junit/platform/junit-platform-engine/1.2.0/junit-platform-engine-1.2.0.jar:/home/kenneth/.m2/repository/org/junit/platform/junit-platform-launcher/1.2.0/junit-platform-launcher-1.2.0.jar:/home/kenneth/.m2/repository/org/junit/platform/junit-platform-runner/1.2.0/junit-platform-runner-1.2.0.jar:/home/kenneth/.m2/repository/org/junit/platform/junit-platform-suite-api/1.2.0/junit-platform-suite-api-1.2.0.jar:/home/kenneth/.m2/repository/junit/junit/4.12/junit-4.12.jar:/home/kenneth/.m2/repository/org/hamcrest/hamcrest-core/1.3/hamcrest-core-1.3.jar:"/>
    <property name="java.vm.vendor" value="Oracle Corporation"/>
    <property name="sun.arch.data.model" value="64"/>
    <property name="java.vendor.url" value="https://java.oracle.com/"/>
    <property name="os.name" value="Linux"/>
    <property name="java.vm.specification.version" value="19"/>
    <property name="sun.java.launcher" value="SUN_STANDARD"/>
    <property name="user.country" value="SG"/>
    <property name="sun.boot.library.path" value="/usr/lib/jvm/jdk-19/lib"/>
    <property name="sun.java.command" value="/home/kenneth/Projects/JavaSpringBoot/target/surefire/surefirebooter2349341131498093529.jar /home/kenneth/Projects/JavaSpringBoot/target/surefire 2023-10-16T10-10-38_413-jvmRun1 surefire14805732352874775811tmp surefire_06759172016376361024tmp"/>
    <property name="jdk.debug" value="release"/>
    <property name="surefire.test.class.path" value="/home/kenneth/Projects/JavaSpringBoot/target/test-classes:/home/kenneth/Projects/JavaSpringBoot/target/classes:/home/kenneth/.m2/repository/org/springframework/boot/spring-boot-starter-web/2.0.3.RELEASE/spring-boot-starter-web-2.0.3.RELEASE.jar:/home/kenneth/.m2/repository/org/springframework/boot/spring-boot-starter/2.0.3.RELEASE/spring-boot-starter-2.0.3.RELEASE.jar:/home/kenneth/.m2/repository/org/springframework/boot/spring-boot/2.0.3.RELEASE/spring-boot-2.0.3.RELEASE.jar:/home/kenneth/.m2/repository/org/springframework/boot/spring-boot-autoconfigure/2.0.3.RELEASE/spring-boot-autoconfigure-2.0.3.RELEASE.jar:/home/kenneth/.m2/repository/org/springframework/boot/spring-boot-starter-logging/2.0.3.RELEASE/spring-boot-starter-logging-2.0.3.RELEASE.jar:/home/kenneth/.m2/repository/ch/qos/logback/logback-classic/1.2.3/logback-classic-1.2.3.jar:/home/kenneth/.m2/repository/ch/qos/logback/logback-core/1.2.3/logback-core-1.2.3.jar:/home/kenneth/.m2/repository/org/slf4j/slf4j-api/1.7.25/slf4j-api-1.7.25.jar:/home/kenneth/.m2/repository/org/apache/logging/log4j/log4j-to-slf4j/2.10.0/log4j-to-slf4j-2.10.0.jar:/home/kenneth/.m2/repository/org/apache/logging/log4j/log4j-api/2.10.0/log4j-api-2.10.0.jar:/home/kenneth/.m2/repository/org/slf4j/jul-to-slf4j/1.7.25/jul-to-slf4j-1.7.25.jar:/home/kenneth/.m2/repository/javax/annotation/javax.annotation-api/1.3.2/javax.annotation-api-1.3.2.jar:/home/kenneth/.m2/repository/org/springframework/spring-core/5.0.7.RELEASE/spring-core-5.0.7.RELEASE.jar:/home/kenneth/.m2/repository/org/springframework/spring-jcl/5.0.7.RELEASE/spring-jcl-5.0.7.RELEASE.jar:/home/kenneth/.m2/repository/org/yaml/snakeyaml/1.19/snakeyaml-1.19.jar:/home/kenneth/.m2/repository/org/springframework/boot/spring-boot-starter-json/2.0.3.RELEASE/spring-boot-starter-json-2.0.3.RELEASE.jar:/home/kenneth/.m2/repository/com/fasterxml/jackson/core/jackson-databind/2.9.6/jackson-databind-2.9.6.jar:/home/kenneth/.m2/repository/com/fasterxml/jackson/core/jackson-annotations/2.9.0/jackson-annotations-2.9.0.jar:/home/kenneth/.m2/repository/com/fasterxml/jackson/core/jackson-core/2.9.6/jackson-core-2.9.6.jar:/home/kenneth/.m2/repository/com/fasterxml/jackson/datatype/jackson-datatype-jdk8/2.9.6/jackson-datatype-jdk8-2.9.6.jar:/home/kenneth/.m2/repository/com/fasterxml/jackson/datatype/jackson-datatype-jsr310/2.9.6/jackson-datatype-jsr310-2.9.6.jar:/home/kenneth/.m2/repository/com/fasterxml/jackson/module/jackson-module-parameter-names/2.9.6/jackson-module-parameter-names-2.9.6.jar:/home/kenneth/.m2/repository/org/springframework/boot/spring-boot-starter-tomcat/2.0.3.RELEASE/spring-boot-starter-tomcat-2.0.3.RELEASE.jar:/home/kenneth/.m2/repository/org/apache/tomcat/embed/tomcat-embed-core/8.5.31/tomcat-embed-core-8.5.31.jar:/home/kenneth/.m2/repository/org/apache/tomcat/embed/tomcat-embed-el/8.5.31/tomcat-embed-el-8.5.31.jar:/home/kenneth/.m2/repository/org/apache/tomcat/embed/tomcat-embed-websocket/8.5.31/tomcat-embed-websocket-8.5.31.jar:/home/kenneth/.m2/repository/org/hibernate/validator/hibernate-validator/6.0.10.Final/hibernate-validator-6.0.10.Final.jar:/home/kenneth/.m2/repository/javax/validation/validation-api/2.0.1.Final/validation-api-2.0.1.Final.jar:/home/kenneth/.m2/repository/org/jboss/logging/jboss-logging/3.3.2.Final/jboss-logging-3.3.2.Final.jar:/home/kenneth/.m2/repository/com/fasterxml/classmate/1.3.4/classmate-1.3.4.jar:/home/kenneth/.m2/repository/org/springframework/spring-web/5.0.7.RELEASE/spring-web-5.0.7.RELEASE.jar:/home/kenneth/.m2/repository/org/springframework/spring-beans/5.0.7.RELEASE/spring-beans-5.0.7.RELEASE.jar:/home/kenneth/.m2/repository/org/springframework/spring-webmvc/5.0.7.RELEASE/spring-webmvc-5.0.7.RELEASE.jar:/home/kenneth/.m2/repository/org/springframework/spring-aop/5.0.7.RELEASE/spring-aop-5.0.7.RELEASE.jar:/home/kenneth/.m2/repository/org/springframework/spring-context/5.0.7.RELEASE/spring-context-5.0.7.RELEASE.jar:/home/kenneth/.m2/repository/org/springframework/spring-expression/5.0.7.RELEASE/spring-expression-5.0.7.RELEASE.jar:/home/kenneth/.m2/repository/org/json/json/20180130/json-20180130.jar:/home/kenneth/.m2/repository/org/junit/jupiter/junit-jupiter-api/5.2.0/junit-jupiter-api-5.2.0.jar:/home/kenneth/.m2/repository/org/apiguardian/apiguardian-api/1.0.0/apiguardian-api-1.0.0.jar:/home/kenneth/.m2/repository/org/opentest4j/opentest4j/1.1.0/opentest4j-1.1.0.jar:/home/kenneth/.m2/repository/org/junit/platform/junit-platform-commons/1.2.0/junit-platform-commons-1.2.0.jar:/home/kenneth/.m2/repository/org/junit/jupiter/junit-jupiter-engine/5.2.0/junit-jupiter-engine-5.2.0.jar:/home/kenneth/.m2/repository/org/junit/platform/junit-platform-engine/1.2.0/junit-platform-engine-1.2.0.jar:/home/kenneth/.m2/repository/org/junit/platform/junit-platform-launcher/1.2.0/junit-platform-launcher-1.2.0.jar:/home/kenneth/.m2/repository/org/junit/platform/junit-platform-runner/1.2.0/junit-platform-runner-1.2.0.jar:/home/kenneth/.m2/repository/org/junit/platform/junit-platform-suite-api/1.2.0/junit-platform-suite-api-1.2.0.jar:/home/kenneth/.m2/repository/junit/junit/4.12/junit-4.12.jar:/home/kenneth/.m2/repository/org/hamcrest/hamcrest-core/1.3/hamcrest-core-1.3.jar:"/>
    <property name="sun.cpu.endian" value="little"/>
    <property name="user.home" value="/home/kenneth"/>
    <property name="user.language" value="en"/>
    <property name="java.specification.vendor" value="Oracle Corporation"/>
    <property name="java.version.date" value="2023-01-17"/>
    <property name="java.home" value="/usr/lib/jvm/jdk-19"/>
    <property name="file.separator" value="/"/>
    <property name="basedir" value="/home/kenneth/Projects/JavaSpringBoot"/>
    <property name="java.vm.compressedOopsMode" value="Zero based"/>
    <property name="line.separator" value="&#10;"/>
    <property name="java.specification.name" value="Java Platform API Specification"/>
    <property name="java.vm.specification.vendor" value="Oracle Corporation"/>
    <property name="surefire.real.class.path" value="/home/kenneth/Projects/JavaSpringBoot/target/surefire/surefirebooter2349341131498093529.jar"/>
    <property name="sun.management.compiler" value="HotSpot 64-Bit Tiered Compilers"/>
    <property name="java.runtime.version" value="19.0.2+7-44"/>
    <property name="user.name" value="kenneth"/>
    <property name="stdout.encoding" value="UTF-8"/>
    <property name="path.separator" value=":"/>
    <property name="os.version" value="6.2.0-34-generic"/>
    <property name="java.runtime.name" value="Java(TM) SE Runtime Environment"/>
    <property name="file.encoding" value="UTF-8"/>
    <property name="java.vm.name" value="Java HotSpot(TM) 64-Bit Server VM"/>
    <property name="localRepository" value="/home/kenneth/.m2/repository"/>
    <property name="java.vendor.url.bug" value="https://bugreport.java.com/bugreport/"/>
    <property name="java.io.tmpdir" value="/tmp"/>
    <property name="java.version" value="19.0.2"/>
    <property name="user.dir" value="/home/kenneth/Projects/JavaSpringBoot"/>
    <property name="os.arch" value="amd64"/>
    <property name="java.vm.specification.name" value="Java Virtual Machine Specification"/>
    <property name="native.encoding" value="UTF-8"/>
    <property name="java.library.path" value="/usr/java/packages/lib:/usr/lib64:/lib64:/lib:/usr/lib"/>
    <property name="java.vm.info" value="mixed mode, sharing"/>
    <property name="stderr.encoding" value="UTF-8"/>
    <property name="java.vendor" value="Oracle Corporation"/>
    <property name="java.vm.version" value="19.0.2+7-44"/>
    <property name="sun.io.unicode.encoding" value="UnicodeLittle"/>
    <property name="java.class.version" value="63.0"/>
  </properties>
  <testcase name="testPostRequest" classname="com.aws.codestar.projecttemplates.controller.HelloWorldControllerTest" time="0.129">
    <failure message="expected: &lt;Hello AWS CodeStar!!&gt; but was: &lt;Hello AWS CodeStar!&gt;" type="org.opentest4j.AssertionFailedError"><![CDATA[org.opentest4j.AssertionFailedError: expected: <Hello AWS CodeStar!!> but was: <Hello AWS CodeStar!>
	at com.aws.codestar.projecttemplates.controller.HelloWorldControllerTest.testPostRequest(HelloWorldControllerTest.java:68)
]]></failure>
  </testcase>
  <testcase name="testGetRequest" classname="com.aws.codestar.projecttemplates.controller.HelloWorldControllerTest" time="0.007">
    <failure message="expected: &lt;Hello AWS CodeStar!!&gt; but was: &lt;Hello AWS CodeStar!&gt;" type="org.opentest4j.AssertionFailedError"><![CDATA[org.opentest4j.AssertionFailedError: expected: <Hello AWS CodeStar!!> but was: <Hello AWS CodeStar!>
	at com.aws.codestar.projecttemplates.controller.HelloWorldControllerTest.testGetRequest(HelloWorldControllerTest.java:54)
]]></failure>
  </testcase>
</testsuite>